app/build/outputs/logs/manifest-merger-debug-report.txt
-- Merging decision tree log ---
manifest
ADDED from src/main/AndroidManifest.xml:17:1-70:12
INJECTED from src/main/AndroidManifest.xml:17:1-70:12
INJECTED from src/main/AndroidManifest.xml:17:1-70:12
INJECTED from src/main/AndroidManifest.xml:17:1-70:12
MERGED from [com.android.databinding:adapters:1.3.1] AndroidManifest.xml:17:1-26:12
MERGED from [com.android.databinding:library:1.3.1] AndroidManifest.xml:17:1-26:12
MERGED from [android.arch.lifecycle:extensions:1.0.0-alpha9-1] AndroidManifest.xml:17:1-32:12
MERGED from [com.android.support:preference-v7:26.1.0] AndroidManifest.xml:17:1-28:12
MERGED from [com.android.support:recyclerview-v7:26.1.0] AndroidManifest.xml:17:1-28:12
MERGED from [com.android.support:appcompat-v7:26.1.0] AndroidManifest.xml:17:1-31:12
MERGED from [com.android.support:animated-vector-drawable:26.1.0] AndroidManifest.xml:17:1-28:12
MERGED from [com.android.support:support-vector-drawable:26.1.0] AndroidManifest.xml:17:1-28:12
MERGED from [com.firebase:firebase-jobdispatcher:0.7.0] AndroidManifest.xml:17:1-42:12
MERGED from [com.android.support:support-v4:26.1.0] AndroidManifest.xml:17:1-31:12
MERGED from [com.android.support:support-fragment:26.1.0] AndroidManifest.xml:17:1-31:12
MERGED from [com.android.support:support-core-ui:26.1.0] AndroidManifest.xml:17:1-31:12
MERGED from [com.android.support:support-media-compat:26.1.0] AndroidManifest.xml:17:1-31:12
MERGED from [android.arch.persistence.room:runtime:1.0.0-alpha9-1] AndroidManifest.xml:17:1-30:12
MERGED from [com.android.support:support-core-utils:26.1.0] AndroidManifest.xml:17:1-31:12
MERGED from [com.android.support:support-compat:26.1.0] AndroidManifest.xml:17:1-31:12
MERGED from [android.arch.lifecycle:runtime:1.0.0] AndroidManifest.xml:17:1-30:12
MERGED from [com.android.support.constraint:constraint-layout:1.1.0-beta1] AndroidManifest.xml:2:1-11:12
MERGED from [android.arch.core:runtime:1.0.0-alpha9-1] AndroidManifest.xml:17:1-30:12
MERGED from [android.arch.persistence.room:db-impl:1.0.0-alpha9-1] AndroidManifest.xml:17:1-30:12
MERGED from [android.arch.persistence.room:db:1.0.0-alpha9-1] AndroidManifest.xml:17:1-30:12
INJECTED from src/main/AndroidManifest.xml:17:1-70:12
INJECTED from src/main/AndroidManifest.xml:17:1-70:12
INJECTED from src/main/AndroidManifest.xml:17:1-70:12
	package
		ADDED from src/main/AndroidManifest.xml:19:5-43
		INJECTED from src/main/AndroidManifest.xml
		INJECTED from src/main/AndroidManifest.xml
	android:versionName
		INJECTED from src/main/AndroidManifest.xml
		ADDED from src/main/AndroidManifest.xml:17:1-70:12
		INJECTED from src/main/AndroidManifest.xml
	android:versionCode
		INJECTED from src/main/AndroidManifest.xml
		ADDED from src/main/AndroidManifest.xml:17:1-70:12
		INJECTED from src/main/AndroidManifest.xml
	xmlns:android
		ADDED from src/main/AndroidManifest.xml:18:5-63
uses-permission#android.permission.INTERNET
ADDED from src/main/AndroidManifest.xml:22:5-66
	android:name
		ADDED from src/main/AndroidManifest.xml:22:22-64
application
ADDED from src/main/AndroidManifest.xml:24:5-69:19
MERGED from [android.arch.lifecycle:extensions:1.0.0-alpha9-1] AndroidManifest.xml:24:5-30:19
MERGED from [android.arch.lifecycle:extensions:1.0.0-alpha9-1] AndroidManifest.xml:24:5-30:19
MERGED from [com.android.support:preference-v7:26.1.0] AndroidManifest.xml:22:5-26:19
MERGED from [com.android.support:preference-v7:26.1.0] AndroidManifest.xml:22:5-26:19
MERGED from [com.android.support:recyclerview-v7:26.1.0] AndroidManifest.xml:22:5-26:19
MERGED from [com.android.support:recyclerview-v7:26.1.0] AndroidManifest.xml:22:5-26:19
MERGED from [com.android.support:appcompat-v7:26.1.0] AndroidManifest.xml:25:5-29:19
MERGED from [com.android.support:appcompat-v7:26.1.0] AndroidManifest.xml:25:5-29:19
MERGED from [com.android.support:animated-vector-drawable:26.1.0] AndroidManifest.xml:22:5-26:19
MERGED from [com.android.support:animated-vector-drawable:26.1.0] AndroidManifest.xml:22:5-26:19
MERGED from [com.android.support:support-vector-drawable:26.1.0] AndroidManifest.xml:22:5-26:19
MERGED from [com.android.support:support-vector-drawable:26.1.0] AndroidManifest.xml:22:5-26:19
MERGED from [com.firebase:firebase-jobdispatcher:0.7.0] AndroidManifest.xml:26:5-40:19
MERGED from [com.firebase:firebase-jobdispatcher:0.7.0] AndroidManifest.xml:26:5-40:19
MERGED from [com.android.support:support-v4:26.1.0] AndroidManifest.xml:25:5-29:19
MERGED from [com.android.support:support-v4:26.1.0] AndroidManifest.xml:25:5-29:19
MERGED from [com.android.support:support-fragment:26.1.0] AndroidManifest.xml:25:5-29:19
MERGED from [com.android.support:support-fragment:26.1.0] AndroidManifest.xml:25:5-29:19
MERGED from [com.android.support:support-core-ui:26.1.0] AndroidManifest.xml:25:5-29:19
MERGED from [com.android.support:support-core-ui:26.1.0] AndroidManifest.xml:25:5-29:19
MERGED from [com.android.support:support-media-compat:26.1.0] AndroidManifest.xml:25:5-29:19
MERGED from [com.android.support:support-media-compat:26.1.0] AndroidManifest.xml:25:5-29:19
MERGED from [android.arch.persistence.room:runtime:1.0.0-alpha9-1] AndroidManifest.xml:24:5-28:19
MERGED from [android.arch.persistence.room:runtime:1.0.0-alpha9-1] AndroidManifest.xml:24:5-28:19
MERGED from [com.android.support:support-core-utils:26.1.0] AndroidManifest.xml:25:5-29:19
MERGED from [com.android.support:support-core-utils:26.1.0] AndroidManifest.xml:25:5-29:19
MERGED from [com.android.support:support-compat:26.1.0] AndroidManifest.xml:25:5-29:19
MERGED from [com.android.support:support-compat:26.1.0] AndroidManifest.xml:25:5-29:19
MERGED from [android.arch.lifecycle:runtime:1.0.0] AndroidManifest.xml:24:5-28:19
MERGED from [android.arch.lifecycle:runtime:1.0.0] AndroidManifest.xml:24:5-28:19
MERGED from [com.android.support.constraint:constraint-layout:1.1.0-beta1] AndroidManifest.xml:9:5-20
MERGED from [com.android.support.constraint:constraint-layout:1.1.0-beta1] AndroidManifest.xml:9:5-20
MERGED from [android.arch.core:runtime:1.0.0-alpha9-1] AndroidManifest.xml:24:5-28:19
MERGED from [android.arch.core:runtime:1.0.0-alpha9-1] AndroidManifest.xml:24:5-28:19
MERGED from [android.arch.persistence.room:db-impl:1.0.0-alpha9-1] AndroidManifest.xml:24:5-28:19
MERGED from [android.arch.persistence.room:db-impl:1.0.0-alpha9-1] AndroidManifest.xml:24:5-28:19
MERGED from [android.arch.persistence.room:db:1.0.0-alpha9-1] AndroidManifest.xml:24:5-28:19
MERGED from [android.arch.persistence.room:db:1.0.0-alpha9-1] AndroidManifest.xml:24:5-28:19
	android:supportsRtl
		ADDED from src/main/AndroidManifest.xml:28:9-35
	android:label
		ADDED from src/main/AndroidManifest.xml:27:9-41
	android:icon
		ADDED from src/main/AndroidManifest.xml:26:9-43
	android:allowBackup
		ADDED from src/main/AndroidManifest.xml:25:9-35
	android:theme
		ADDED from src/main/AndroidManifest.xml:29:9-40
activity#com.example.android.sunshine.ui.list.MainActivity
ADDED from src/main/AndroidManifest.xml:32:9-37:20
	android:label
		ADDED from src/main/AndroidManifest.xml:34:13-45
	android:launchMode
		ADDED from src/main/AndroidManifest.xml:35:13-43
	android:theme
		ADDED from src/main/AndroidManifest.xml:36:13-53
	android:name
		ADDED from src/main/AndroidManifest.xml:33:13-49
activity#com.example.android.sunshine.ui.detail.DetailActivity
ADDED from src/main/AndroidManifest.xml:40:9-52:20
	android:parentActivityName
		ADDED from src/main/AndroidManifest.xml:43:13-63
	android:label
		ADDED from src/main/AndroidManifest.xml:42:13-58
	android:theme
		ADDED from src/main/AndroidManifest.xml:44:13-44
	android:name
		ADDED from src/main/AndroidManifest.xml:41:13-53
meta-data#android.support.PARENT_ACTIVITY
ADDED from src/main/AndroidManifest.xml:45:13-47:56
	android:value
		ADDED from src/main/AndroidManifest.xml:47:17-54
	android:name
		ADDED from src/main/AndroidManifest.xml:46:17-63
intent-filter#android.intent.action.MAIN+android.intent.category.LAUNCHER
ADDED from src/main/AndroidManifest.xml:48:13-51:29
action#android.intent.action.MAIN
ADDED from src/main/AndroidManifest.xml:49:17-68
	android:name
		ADDED from src/main/AndroidManifest.xml:49:25-66
category#android.intent.category.LAUNCHER
ADDED from src/main/AndroidManifest.xml:50:17-76
	android:name
		ADDED from src/main/AndroidManifest.xml:50:27-74
service#com.example.android.sunshine.data.network.SunshineSyncIntentService
ADDED from src/main/AndroidManifest.xml:56:9-58:40
	android:exported
		ADDED from src/main/AndroidManifest.xml:58:13-37
	android:name
		ADDED from src/main/AndroidManifest.xml:57:13-67
service#com.example.android.sunshine.data.network.SunshineFirebaseJobService
ADDED from src/main/AndroidManifest.xml:61:9-67:19
	android:exported
		ADDED from src/main/AndroidManifest.xml:63:13-37
	android:name
		ADDED from src/main/AndroidManifest.xml:62:13-68
intent-filter#com.firebase.jobdispatcher.ACTION_EXECUTE
ADDED from src/main/AndroidManifest.xml:64:13-66:29
action#com.firebase.jobdispatcher.ACTION_EXECUTE
ADDED from src/main/AndroidManifest.xml:65:17-83
	android:name
		ADDED from src/main/AndroidManifest.xml:65:25-81
uses-sdk
INJECTED from src/main/AndroidManifest.xml reason: use-sdk injection requested
INJECTED from src/main/AndroidManifest.xml
INJECTED from src/main/AndroidManifest.xml
MERGED from [com.android.databinding:adapters:1.3.1] AndroidManifest.xml:22:5-24:41
MERGED from [com.android.databinding:adapters:1.3.1] AndroidManifest.xml:22:5-24:41
MERGED from [com.android.databinding:library:1.3.1] AndroidManifest.xml:22:5-24:41
MERGED from [com.android.databinding:library:1.3.1] AndroidManifest.xml:22:5-24:41
MERGED from [android.arch.lifecycle:extensions:1.0.0-alpha9-1] AndroidManifest.xml:20:5-22:41
MERGED from [android.arch.lifecycle:extensions:1.0.0-alpha9-1] AndroidManifest.xml:20:5-22:41
MERGED from [com.android.support:preference-v7:26.1.0] AndroidManifest.xml:20:5-44
MERGED from [com.android.support:preference-v7:26.1.0] AndroidManifest.xml:20:5-44
MERGED from [com.android.support:recyclerview-v7:26.1.0] AndroidManifest.xml:20:5-44
MERGED from [com.android.support:recyclerview-v7:26.1.0] AndroidManifest.xml:20:5-44
MERGED from [com.android.support:appcompat-v7:26.1.0] AndroidManifest.xml:21:5-23:78
MERGED from [com.android.support:appcompat-v7:26.1.0] AndroidManifest.xml:21:5-23:78
MERGED from [com.android.support:animated-vector-drawable:26.1.0] AndroidManifest.xml:20:5-44
MERGED from [com.android.support:animated-vector-drawable:26.1.0] AndroidManifest.xml:20:5-44
MERGED from [com.android.support:support-vector-drawable:26.1.0] AndroidManifest.xml:20:5-44
MERGED from [com.android.support:support-vector-drawable:26.1.0] AndroidManifest.xml:20:5-44
MERGED from [com.firebase:firebase-jobdispatcher:0.7.0] AndroidManifest.xml:22:5-24:41
MERGED from [com.firebase:firebase-jobdispatcher:0.7.0] AndroidManifest.xml:22:5-24:41
MERGED from [com.android.support:support-v4:26.1.0] AndroidManifest.xml:21:5-23:54
MERGED from [com.android.support:support-v4:26.1.0] AndroidManifest.xml:21:5-23:54
MERGED from [com.android.support:support-fragment:26.1.0] AndroidManifest.xml:21:5-23:60
MERGED from [com.android.support:support-fragment:26.1.0] AndroidManifest.xml:21:5-23:60
MERGED from [com.android.support:support-core-ui:26.1.0] AndroidManifest.xml:21:5-23:58
MERGED from [com.android.support:support-core-ui:26.1.0] AndroidManifest.xml:21:5-23:58
MERGED from [com.android.support:support-media-compat:26.1.0] AndroidManifest.xml:21:5-23:63
MERGED from [com.android.support:support-media-compat:26.1.0] AndroidManifest.xml:21:5-23:63
MERGED from [android.arch.persistence.room:runtime:1.0.0-alpha9-1] AndroidManifest.xml:20:5-22:41
MERGED from [android.arch.persistence.room:runtime:1.0.0-alpha9-1] AndroidManifest.xml:20:5-22:41
MERGED from [com.android.support:support-core-utils:26.1.0] AndroidManifest.xml:21:5-23:61
MERGED from [com.android.support:support-core-utils:26.1.0] AndroidManifest.xml:21:5-23:61
MERGED from [com.android.support:support-compat:26.1.0] AndroidManifest.xml:21:5-23:58
MERGED from [com.android.support:support-compat:26.1.0] AndroidManifest.xml:21:5-23:58
MERGED from [android.arch.lifecycle:runtime:1.0.0] AndroidManifest.xml:20:5-22:41
MERGED from [android.arch.lifecycle:runtime:1.0.0] AndroidManifest.xml:20:5-22:41
MERGED from [com.android.support.constraint:constraint-layout:1.1.0-beta1] AndroidManifest.xml:5:5-7:41
MERGED from [com.android.support.constraint:constraint-layout:1.1.0-beta1] AndroidManifest.xml:5:5-7:41
MERGED from [android.arch.core:runtime:1.0.0-alpha9-1] AndroidManifest.xml:20:5-22:41
MERGED from [android.arch.core:runtime:1.0.0-alpha9-1] AndroidManifest.xml:20:5-22:41
MERGED from [android.arch.persistence.room:db-impl:1.0.0-alpha9-1] AndroidManifest.xml:20:5-22:41
MERGED from [android.arch.persistence.room:db-impl:1.0.0-alpha9-1] AndroidManifest.xml:20:5-22:41
MERGED from [android.arch.persistence.room:db:1.0.0-alpha9-1] AndroidManifest.xml:20:5-22:41
MERGED from [android.arch.persistence.room:db:1.0.0-alpha9-1] AndroidManifest.xml:20:5-22:41
INJECTED from src/main/AndroidManifest.xml
INJECTED from src/main/AndroidManifest.xml
	tools:overrideLibrary
		ADDED from [com.android.support:appcompat-v7:26.1.0] AndroidManifest.xml:23:9-75
	android:targetSdkVersion
		INJECTED from src/main/AndroidManifest.xml
		ADDED from src/main/AndroidManifest.xml
		INJECTED from src/main/AndroidManifest.xml
	android:minSdkVersion
		INJECTED from src/main/AndroidManifest.xml
		ADDED from src/main/AndroidManifest.xml
		INJECTED from src/main/AndroidManifest.xml
provider#android.arch.lifecycle.LifecycleRuntimeTrojanProvider
ADDED from [android.arch.lifecycle:extensions:1.0.0-alpha9-1] AndroidManifest.xml:25:9-29:43
	android:authorities
		ADDED from [android.arch.lifecycle:extensions:1.0.0-alpha9-1] AndroidManifest.xml:27:13-68
	android:multiprocess
		ADDED from [android.arch.lifecycle:extensions:1.0.0-alpha9-1] AndroidManifest.xml:29:13-40
	android:exported
		ADDED from [android.arch.lifecycle:extensions:1.0.0-alpha9-1] AndroidManifest.xml:28:13-37
	android:name
		ADDED from [android.arch.lifecycle:extensions:1.0.0-alpha9-1] AndroidManifest.xml:26:13-81
meta-data#android.support.VERSION
ADDED from [com.android.support:preference-v7:26.1.0] AndroidManifest.xml:23:9-25:38
MERGED from [com.android.support:recyclerview-v7:26.1.0] AndroidManifest.xml:23:9-25:38
MERGED from [com.android.support:recyclerview-v7:26.1.0] AndroidManifest.xml:23:9-25:38
MERGED from [com.android.support:appcompat-v7:26.1.0] AndroidManifest.xml:26:9-28:38
MERGED from [com.android.support:appcompat-v7:26.1.0] AndroidManifest.xml:26:9-28:38
MERGED from [com.android.support:animated-vector-drawable:26.1.0] AndroidManifest.xml:23:9-25:38
MERGED from [com.android.support:animated-vector-drawable:26.1.0] AndroidManifest.xml:23:9-25:38
MERGED from [com.android.support:support-vector-drawable:26.1.0] AndroidManifest.xml:23:9-25:38
MERGED from [com.android.support:support-vector-drawable:26.1.0] AndroidManifest.xml:23:9-25:38
MERGED from [com.android.support:support-v4:26.1.0] AndroidManifest.xml:26:9-28:38
MERGED from [com.android.support:support-v4:26.1.0] AndroidManifest.xml:26:9-28:38
MERGED from [com.android.support:support-fragment:26.1.0] AndroidManifest.xml:26:9-28:38
MERGED from [com.android.support:support-fragment:26.1.0] AndroidManifest.xml:26:9-28:38
MERGED from [com.android.support:support-core-ui:26.1.0] AndroidManifest.xml:26:9-28:38
MERGED from [com.android.support:support-core-ui:26.1.0] AndroidManifest.xml:26:9-28:38
MERGED from [com.android.support:support-media-compat:26.1.0] AndroidManifest.xml:26:9-28:38
MERGED from [com.android.support:support-media-compat:26.1.0] AndroidManifest.xml:26:9-28:38
MERGED from [com.android.support:support-core-utils:26.1.0] AndroidManifest.xml:26:9-28:38
MERGED from [com.android.support:support-core-utils:26.1.0] AndroidManifest.xml:26:9-28:38
MERGED from [com.android.support:support-compat:26.1.0] AndroidManifest.xml:26:9-28:38
MERGED from [com.android.support:support-compat:26.1.0] AndroidManifest.xml:26:9-28:38
	android:value
		ADDED from [com.android.support:preference-v7:26.1.0] AndroidManifest.xml:25:13-35
	android:name
		ADDED from [com.android.support:preference-v7:26.1.0] AndroidManifest.xml:24:13-51
service#com.firebase.jobdispatcher.GooglePlayReceiver
ADDED from [com.firebase:firebase-jobdispatcher:0.7.0] AndroidManifest.xml:32:9-39:19
	android:exported
		ADDED from [com.firebase:firebase-jobdispatcher:0.7.0] AndroidManifest.xml:34:13-36
	android:permission
		ADDED from [com.firebase:firebase-jobdispatcher:0.7.0] AndroidManifest.xml:35:13-93
	android:name
		ADDED from [com.firebase:firebase-jobdispatcher:0.7.0] AndroidManifest.xml:33:13-73
intent-filter#com.google.android.gms.gcm.ACTION_TASK_READY
ADDED from [com.firebase:firebase-jobdispatcher:0.7.0] AndroidManifest.xml:36:13-38:29
action#com.google.android.gms.gcm.ACTION_TASK_READY
ADDED from [com.firebase:firebase-jobdispatcher:0.7.0] AndroidManifest.xml:37:17-87
	android:name
		ADDED from [com.firebase:firebase-jobdispatcher:0.7.0] AndroidManifest.xml:37:25-84
meta-data#android.arch.persistence.room.VERSION
ADDED from [android.arch.persistence.room:runtime:1.0.0-alpha9-1] AndroidManifest.xml:25:9-27:47
	android:value
		ADDED from [android.arch.persistence.room:runtime:1.0.0-alpha9-1] AndroidManifest.xml:27:13-44
	android:name
		ADDED from [android.arch.persistence.room:runtime:1.0.0-alpha9-1] AndroidManifest.xml:26:13-65
meta-data#android.arch.lifecycle.VERSION
ADDED from [android.arch.lifecycle:runtime:1.0.0] AndroidManifest.xml:25:9-27:47
	android:value
		ADDED from [android.arch.lifecycle:runtime:1.0.0] AndroidManifest.xml:27:13-44
	android:name
		ADDED from [android.arch.lifecycle:runtime:1.0.0] AndroidManifest.xml:26:13-58
meta-data#android.arch.core.VERSION
ADDED from [android.arch.core:runtime:1.0.0-alpha9-1] AndroidManifest.xml:25:9-27:47
	android:value
		ADDED from [android.arch.core:runtime:1.0.0-alpha9-1] AndroidManifest.xml:27:13-44
	android:name
		ADDED from [android.arch.core:runtime:1.0.0-alpha9-1] AndroidManifest.xml:26:13-53
meta-data#android.arch.persistence.db.framework.VERSION
ADDED from [android.arch.persistence.room:db-impl:1.0.0-alpha9-1] AndroidManifest.xml:25:9-27:47
	android:value
		ADDED from [android.arch.persistence.room:db-impl:1.0.0-alpha9-1] AndroidManifest.xml:27:13-44
	android:name
		ADDED from [android.arch.persistence.room:db-impl:1.0.0-alpha9-1] AndroidManifest.xml:26:13-73
meta-data#android.arch.persistence.db.VERSION
ADDED from [android.arch.persistence.room:db:1.0.0-alpha9-1] AndroidManifest.xml:25:9-27:47
	android:value
		ADDED from [android.arch.persistence.room:db:1.0.0-alpha9-1] AndroidManifest.xml:27:13-44
	android:name
		ADDED from [android.arch.persistence.room:db:1.0.0-alpha9-1] AndroidManifest.xml:26:13-63